{"name": "test_asr_service_with_valid_api_key_User", "status": "failed", "statusDetails": {"message": "AssertionError: Expected 200, got 403. Response: {\"detail\":{\"message\":\"Authorization error: Invalid API key\",\"code\":\"AUTHORIZATION_ERROR\"}}\nassert 403 == 200\n +  where 403 = <Response [403 Forbidden]>.status_code", "trace": "self = <test_user_services_sanity.TestUserServicesWithValidAPIKey object at 0x767c8f90f850>\nuser_client_with_valid_api_key = <utils.api_client.APIClient object at 0x767c8f95f610>\n\n    def test_asr_service_with_valid_api_key_User(self, user_client_with_valid_api_key):\n        \"\"\"\n        User : Test ASR service with valid API key\n        \"\"\"\n        endpoint = \"/api/v1/asr/inference\"\n        payload = ServiceWithPayloads.asr_from_sample()\n    \n        response = user_client_with_valid_api_key.post(endpoint, json=payload)\n    \n>       assert response.status_code == 200, (\n            f\"Expected 200, got {response.status_code}. Response: {response.text}\"\n        )\nE       AssertionError: Expected 200, got 403. Response: {\"detail\":{\"message\":\"Authorization error: Invalid API key\",\"code\":\"AUTHORIZATION_ERROR\"}}\nE       assert 403 == 200\nE        +  where 403 = <Response [403 Forbidden]>.status_code\n\ntests/test_services/test_user_services_sanity.py:46: AssertionError"}, "description": "\n        User : Test ASR service with valid API key\n        ", "attachments": [{"name": "Request — POST", "source": "c31768b4-c002-40ce-b4b6-966e910f106f-attachment.json", "type": "application/json"}, {"name": "Response — 403", "source": "0c65bd82-45ef-4bcd-abc3-3a8d249b4c36-attachment.json", "type": "application/json"}], "start": 1771929022527, "stop": 1771929023094, "uuid": "ae399916-c3a1-42d8-b251-0bae08707c91", "historyId": "b8b625ba8ab3ee657641c7d28490782d", "testCaseId": "b8b625ba8ab3ee657641c7d28490782d", "fullName": "tests.test_services.test_user_services_sanity.TestUserServicesWithValidAPIKey#test_asr_service_with_valid_api_key_User", "labels": [{"name": "parentSuite", "value": "tests.test_services"}, {"name": "suite", "value": "test_user_services_sanity"}, {"name": "subSuite", "value": "TestUserServicesWithValidAPIKey"}, {"name": "host", "value": "TI-LAP-1094"}, {"name": "thread", "value": "1732415-MainThread"}, {"name": "framework", "value": "pytest"}, {"name": "language", "value": "cpython3"}, {"name": "package", "value": "tests.test_services.test_user_services_sanity"}], "titlePath": ["tests", "test_services", "test_user_services_sanity.py", "TestUserServicesWithValidAPIKey"]}