{"uid":"3bfd5255fdc6a404","name":"test_ocr_services_with_valid_api_key_User","fullName":"tests.test_services.test_user_services_sanity.TestUserServicesWithValidAPIKey#test_ocr_services_with_valid_api_key_User","historyId":"126f41621407bd3f2bfd388e6c7a2e8e","time":{"start":1771914030998,"stop":1771914031936,"duration":938},"description":"\n        User : Test OCR service with valid API key\n        ","descriptionHtml":"<pre><code>    User : Test OCR service with valid API key\n</code></pre>\n","status":"failed","statusMessage":"AssertionError: Expected 200, got 401. Response: {\"detail\":{\"error\":\"AUTHORIZATION_ERROR\",\"message\":\"Invalid API key\"}}\nassert 401 == 200\n +  where 401 = <Response [401 Unauthorized]>.status_code","statusTrace":"self = <test_user_services_sanity.TestUserServicesWithValidAPIKey object at 0x714c32561000>\nuser_client_with_valid_api_key = <utils.api_client.APIClient object at 0x714c325631f0>\n\n    def test_ocr_services_with_valid_api_key_User(self, user_client_with_valid_api_key):\n        \"\"\"\n        User : Test OCR service with valid API key\n        \"\"\"\n        endpoint = \"/api/v1/ocr/inference\"\n        payload = ServiceWithPayloads.ocr_from_sample()\n    \n        response = user_client_with_valid_api_key.post(endpoint, json=payload)\n    \n>       assert response.status_code == 200, (\n            f\"Expected 200, got {response.status_code}. Response: {response.text}\"\n        )\nE       AssertionError: Expected 200, got 401. Response: {\"detail\":{\"error\":\"AUTHORIZATION_ERROR\",\"message\":\"Invalid API key\"}}\nE       assert 401 == 200\nE        +  where 401 = <Response [401 Unauthorized]>.status_code\n\ntests/test_services/test_user_services_sanity.py:260: AssertionError","flaky":false,"newFailed":false,"newBroken":false,"newPassed":false,"retriesCount":0,"retriesStatusChange":false,"beforeStages":[{"name":"user_token_manager","time":{"start":1771914016164,"stop":1771914021136,"duration":4972},"status":"passed","steps":[],"attachments":[],"parameters":[],"shouldDisplayMessage":false,"stepsCount":0,"attachmentsCount":0,"hasContent":false,"attachmentStep":false},{"name":"event_loop_policy","time":{"start":1771914016164,"stop":1771914016164,"duration":0},"status":"passed","steps":[],"attachments":[],"parameters":[],"shouldDisplayMessage":false,"stepsCount":0,"attachmentsCount":0,"hasContent":false,"attachmentStep":false},{"name":"user_client_with_valid_api_key","time":{"start":1771914021136,"stop":1771914021136,"duration":0},"status":"passed","steps":[],"attachments":[],"parameters":[],"shouldDisplayMessage":false,"stepsCount":0,"attachmentsCount":0,"hasContent":false,"attachmentStep":false}],"testStage":{"description":"\n        User : Test OCR service with valid API key\n        ","status":"failed","statusMessage":"AssertionError: Expected 200, got 401. Response: {\"detail\":{\"error\":\"AUTHORIZATION_ERROR\",\"message\":\"Invalid API key\"}}\nassert 401 == 200\n +  where 401 = <Response [401 Unauthorized]>.status_code","statusTrace":"self = <test_user_services_sanity.TestUserServicesWithValidAPIKey object at 0x714c32561000>\nuser_client_with_valid_api_key = <utils.api_client.APIClient object at 0x714c325631f0>\n\n    def test_ocr_services_with_valid_api_key_User(self, user_client_with_valid_api_key):\n        \"\"\"\n        User : Test OCR service with valid API key\n        \"\"\"\n        endpoint = \"/api/v1/ocr/inference\"\n        payload = ServiceWithPayloads.ocr_from_sample()\n    \n        response = user_client_with_valid_api_key.post(endpoint, json=payload)\n    \n>       assert response.status_code == 200, (\n            f\"Expected 200, got {response.status_code}. Response: {response.text}\"\n        )\nE       AssertionError: Expected 200, got 401. Response: {\"detail\":{\"error\":\"AUTHORIZATION_ERROR\",\"message\":\"Invalid API key\"}}\nE       assert 401 == 200\nE        +  where 401 = <Response [401 Unauthorized]>.status_code\n\ntests/test_services/test_user_services_sanity.py:260: AssertionError","steps":[],"attachments":[{"uid":"ceba1cfe4b827de3","name":"Request — POST","source":"ceba1cfe4b827de3.json","type":"application/json","size":86301},{"uid":"76a5418b2526b1c5","name":"Response — 401","source":"76a5418b2526b1c5.json","type":"application/json","size":103}],"parameters":[],"shouldDisplayMessage":true,"stepsCount":0,"attachmentsCount":2,"hasContent":true,"attachmentStep":false},"afterStages":[{"name":"user_token_manager::0","time":{"start":1771914051389,"stop":1771914051389,"duration":0},"status":"passed","steps":[],"attachments":[],"parameters":[],"shouldDisplayMessage":false,"stepsCount":0,"attachmentsCount":0,"hasContent":false,"attachmentStep":false}],"labels":[{"name":"parentSuite","value":"tests.test_services"},{"name":"suite","value":"test_user_services_sanity"},{"name":"subSuite","value":"TestUserServicesWithValidAPIKey"},{"name":"host","value":"TI-LAP-1094"},{"name":"thread","value":"1143298-MainThread"},{"name":"framework","value":"pytest"},{"name":"language","value":"cpython3"},{"name":"package","value":"tests.test_services.test_user_services_sanity"},{"name":"resultFormat","value":"allure2"}],"parameters":[],"links":[],"hidden":false,"retry":false,"extra":{"severity":"normal","retries":[],"categories":[{"name":"Product defects","matchedStatuses":[],"flaky":false}],"tags":[]},"source":"3bfd5255fdc6a404.json","parameterValues":[]}