{"uid":"633fdbd6960d2dc6","name":"test_pipeline_services_with_no_api_key_User","fullName":"tests.test_services.test_user_services_sanity.TestUserServicesWithNoAPIKey#test_pipeline_services_with_no_api_key_User","historyId":"28f615fc10946459ad31200affac2f1e","time":{"start":1771914050816,"stop":1771914051381,"duration":565},"description":"\n        User : Test Pipeline service with no API key\n        ","descriptionHtml":"<pre><code>    User : Test Pipeline service with no API key\n</code></pre>\n","status":"failed","statusMessage":"AssertionError: Expected 401/403, got 404. Response: {\"detail\":\"Not Found\"}\nassert 404 in [401, 403]\n +  where 404 = <Response [404 Not Found]>.status_code","statusTrace":"self = <test_user_services_sanity.TestUserServicesWithNoAPIKey object at 0x714c32578550>\nuser_client_with_no_api_key = <utils.api_client.APIClient object at 0x714c31b40940>\n\n    def test_pipeline_services_with_no_api_key_User(self, user_client_with_no_api_key):\n        \"\"\"\n        User : Test Pipeline service with no API key\n        \"\"\"\n        endpoint = \"/api/v1/pipeline/inference\"\n        payload = ServiceWithPayloads.pipeline_from_sample()\n    \n        response = user_client_with_no_api_key.post(endpoint, json=payload)\n    \n>       assert response.status_code in [401, 403], (\n            f\"Expected 401/403, got {response.status_code}. Response: {response.text}\"\n        )\nE       AssertionError: Expected 401/403, got 404. Response: {\"detail\":\"Not Found\"}\nE       assert 404 in [401, 403]\nE        +  where 404 = <Response [404 Not Found]>.status_code\n\ntests/test_services/test_user_services_sanity.py:750: AssertionError","flaky":false,"newFailed":false,"newBroken":false,"newPassed":false,"retriesCount":0,"retriesStatusChange":false,"beforeStages":[{"name":"user_token_manager","time":{"start":1771914016164,"stop":1771914021136,"duration":4972},"status":"passed","steps":[],"attachments":[],"parameters":[],"shouldDisplayMessage":false,"stepsCount":0,"attachmentsCount":0,"hasContent":false,"attachmentStep":false},{"name":"event_loop_policy","time":{"start":1771914016164,"stop":1771914016164,"duration":0},"status":"passed","steps":[],"attachments":[],"parameters":[],"shouldDisplayMessage":false,"stepsCount":0,"attachmentsCount":0,"hasContent":false,"attachmentStep":false},{"name":"user_client_with_no_api_key","time":{"start":1771914039892,"stop":1771914039892,"duration":0},"status":"passed","steps":[],"attachments":[],"parameters":[],"shouldDisplayMessage":false,"stepsCount":0,"attachmentsCount":0,"hasContent":false,"attachmentStep":false}],"testStage":{"description":"\n        User : Test Pipeline service with no API key\n        ","status":"failed","statusMessage":"AssertionError: Expected 401/403, got 404. Response: {\"detail\":\"Not Found\"}\nassert 404 in [401, 403]\n +  where 404 = <Response [404 Not Found]>.status_code","statusTrace":"self = <test_user_services_sanity.TestUserServicesWithNoAPIKey object at 0x714c32578550>\nuser_client_with_no_api_key = <utils.api_client.APIClient object at 0x714c31b40940>\n\n    def test_pipeline_services_with_no_api_key_User(self, user_client_with_no_api_key):\n        \"\"\"\n        User : Test Pipeline service with no API key\n        \"\"\"\n        endpoint = \"/api/v1/pipeline/inference\"\n        payload = ServiceWithPayloads.pipeline_from_sample()\n    \n        response = user_client_with_no_api_key.post(endpoint, json=payload)\n    \n>       assert response.status_code in [401, 403], (\n            f\"Expected 401/403, got {response.status_code}. Response: {response.text}\"\n        )\nE       AssertionError: Expected 401/403, got 404. Response: {\"detail\":\"Not Found\"}\nE       assert 404 in [401, 403]\nE        +  where 404 = <Response [404 Not Found]>.status_code\n\ntests/test_services/test_user_services_sanity.py:750: AssertionError","steps":[],"attachments":[{"uid":"a1573d8b192a3279","name":"Request — POST","source":"a1573d8b192a3279.json","type":"application/json","size":188371},{"uid":"fed2a3fb174c491a","name":"Response — 404","source":"fed2a3fb174c491a.json","type":"application/json","size":40},{"uid":"6c3eef582bf4ca17","name":"stdout","source":"6c3eef582bf4ca17.txt","type":"text/plain","size":37}],"parameters":[],"shouldDisplayMessage":true,"stepsCount":0,"attachmentsCount":3,"hasContent":true,"attachmentStep":false},"afterStages":[{"name":"user_token_manager::0","time":{"start":1771914051389,"stop":1771914051389,"duration":0},"status":"passed","steps":[],"attachments":[],"parameters":[],"shouldDisplayMessage":false,"stepsCount":0,"attachmentsCount":0,"hasContent":false,"attachmentStep":false}],"labels":[{"name":"parentSuite","value":"tests.test_services"},{"name":"suite","value":"test_user_services_sanity"},{"name":"subSuite","value":"TestUserServicesWithNoAPIKey"},{"name":"host","value":"TI-LAP-1094"},{"name":"thread","value":"1143298-MainThread"},{"name":"framework","value":"pytest"},{"name":"language","value":"cpython3"},{"name":"package","value":"tests.test_services.test_user_services_sanity"},{"name":"resultFormat","value":"allure2"}],"parameters":[],"links":[],"hidden":false,"retry":false,"extra":{"severity":"normal","retries":[],"categories":[{"name":"Product defects","matchedStatuses":[],"flaky":false}],"tags":[]},"source":"633fdbd6960d2dc6.json","parameterValues":[]}