{"name": "test_ocr_services_with_valid_api_key_User", "status": "failed", "statusDetails": {"message": "AssertionError: Expected 200, got 401. Response: {\"detail\":{\"error\":\"AUTHORIZATION_ERROR\",\"message\":\"Invalid API key\"}}\nassert 401 == 200\n +  where 401 = <Response [401 Unauthorized]>.status_code", "trace": "self = <test_user_services_sanity.TestUserServicesWithValidAPIKey object at 0x7779e4b61030>\nuser_client_with_valid_api_key = <utils.api_client.APIClient object at 0x7779e4b63220>\n\n    def test_ocr_services_with_valid_api_key_User(self, user_client_with_valid_api_key):\n        \"\"\"\n        User : Test OCR service with valid API key\n        \"\"\"\n        endpoint = \"/api/v1/ocr/inference\"\n        payload = ServiceWithPayloads.ocr_from_sample()\n    \n        response = user_client_with_valid_api_key.post(endpoint, json=payload)\n    \n>       assert response.status_code == 200, (\n            f\"Expected 200, got {response.status_code}. Response: {response.text}\"\n        )\nE       AssertionError: Expected 200, got 401. Response: {\"detail\":{\"error\":\"AUTHORIZATION_ERROR\",\"message\":\"Invalid API key\"}}\nE       assert 401 == 200\nE        +  where 401 = <Response [401 Unauthorized]>.status_code\n\ntests/test_services/test_user_services_sanity.py:260: AssertionError"}, "description": "\n        User : Test OCR service with valid API key\n        ", "attachments": [{"name": "Request — POST", "source": "871edc0b-f176-4dc2-a53f-5c36ceeb9ca0-attachment.json", "type": "application/json"}, {"name": "Response — 401", "source": "28d0c44e-5a06-4240-bfd8-b5c1556b7e78-attachment.json", "type": "application/json"}], "start": 1771928894511, "stop": 1771928895385, "uuid": "56636155-aada-4cb2-b722-673d6f6b36ca", "historyId": "126f41621407bd3f2bfd388e6c7a2e8e", "testCaseId": "126f41621407bd3f2bfd388e6c7a2e8e", "fullName": "tests.test_services.test_user_services_sanity.TestUserServicesWithValidAPIKey#test_ocr_services_with_valid_api_key_User", "labels": [{"name": "parentSuite", "value": "tests.test_services"}, {"name": "suite", "value": "test_user_services_sanity"}, {"name": "subSuite", "value": "TestUserServicesWithValidAPIKey"}, {"name": "host", "value": "TI-LAP-1094"}, {"name": "thread", "value": "1726549-MainThread"}, {"name": "framework", "value": "pytest"}, {"name": "language", "value": "cpython3"}, {"name": "package", "value": "tests.test_services.test_user_services_sanity"}], "titlePath": ["tests", "test_services", "test_user_services_sanity.py", "TestUserServicesWithValidAPIKey"]}