{"name": "test_tts_service_with_valid_api_key_User", "status": "failed", "statusDetails": {"message": "AssertionError: Expected 200, got 403. Response: {\"detail\":{\"message\":\"Authorization error: Invalid API key\",\"code\":\"AUTHORIZATION_ERROR\"}}\nassert 403 == 200\n +  where 403 = <Response [403 Forbidden]>.status_code", "trace": "self = <test_user_services_sanity.TestUserServicesWithValidAPIKey object at 0x7779e4b60040>\nuser_client_with_valid_api_key = <utils.api_client.APIClient object at 0x7779e4b63220>\n\n    def test_tts_service_with_valid_api_key_User(self, user_client_with_valid_api_key):\n        \"\"\"\n        User : Test TTS service with valid API key\n        \"\"\"\n        endpoint = \"/api/v1/tts/inference\"\n        payload = ServiceWithPayloads.tts_from_sample()\n    \n        response = user_client_with_valid_api_key.post(endpoint, json=payload)\n    \n>       assert response.status_code == 200, (\n            f\"Expected 200, got {response.status_code}. Response: {response.text}\"\n        )\nE       AssertionError: Expected 200, got 403. Response: {\"detail\":{\"message\":\"Authorization error: Invalid API key\",\"code\":\"AUTHORIZATION_ERROR\"}}\nE       assert 403 == 200\nE        +  where 403 = <Response [403 Forbidden]>.status_code\n\ntests/test_services/test_user_services_sanity.py:68: AssertionError"}, "description": "\n        User : Test TTS service with valid API key\n        ", "attachments": [{"name": "Request — POST", "source": "852cd67c-7bc1-49ce-8cec-58a12fdfac9d-attachment.json", "type": "application/json"}, {"name": "Response — 403", "source": "7fa59d50-2ef9-440b-9312-bb628162347c-attachment.json", "type": "application/json"}], "start": 1771928888365, "stop": 1771928888703, "uuid": "7a1e1f75-e0da-494b-8292-31c72dff913e", "historyId": "30d19d9f645c54e0c3a8ff12e1ebef34", "testCaseId": "30d19d9f645c54e0c3a8ff12e1ebef34", "fullName": "tests.test_services.test_user_services_sanity.TestUserServicesWithValidAPIKey#test_tts_service_with_valid_api_key_User", "labels": [{"name": "parentSuite", "value": "tests.test_services"}, {"name": "suite", "value": "test_user_services_sanity"}, {"name": "subSuite", "value": "TestUserServicesWithValidAPIKey"}, {"name": "host", "value": "TI-LAP-1094"}, {"name": "thread", "value": "1726549-MainThread"}, {"name": "framework", "value": "pytest"}, {"name": "language", "value": "cpython3"}, {"name": "package", "value": "tests.test_services.test_user_services_sanity"}], "titlePath": ["tests", "test_services", "test_user_services_sanity.py", "TestUserServicesWithValidAPIKey"]}